<?xml version="1.0" encoding="UTF-8"?>
<!-- Generated by org.testng.reporters.JUnitReportReporter -->
<testsuite hostname="DESKTOP-Q7S0LT0" failures="0" tests="3" name="DoctorTest" time="61.172" errors="0" timestamp="2024-07-23T14:35:21 IST" skipped="0">
  <testcase classname="DoctorTest" name="doctorManagePatient" time="17.982"/>
  <testcase classname="DoctorTest" name="AddFemalePatient" time="26.398"/>
  <testcase classname="DoctorTest" name="AddMalePatient" time="16.792"/>
</testsuite> <!-- DoctorTest -->
