<?xml version="1.0" encoding="UTF-8"?>
<!-- Generated by org.testng.reporters.JUnitReportReporter -->
<testsuite hostname="DESKTOP-Q7S0LT0" failures="0" tests="1" name="PatientTest" time="74.607" errors="0" timestamp="2024-07-23T15:18:10 IST" skipped="0">
  <testcase classname="PatientTest" name="AppointmentBook" time="74.607"/>
</testsuite> <!-- PatientTest -->
