<?xml version="1.0" encoding="UTF-8"?>
<!-- Generated by org.testng.reporters.JUnitReportReporter -->
<testsuite hostname="DESKTOP-Q7S0LT0" failures="0" tests="2" name="AdminTest" time="39.202" errors="0" timestamp="2024-07-23T14:33:49 IST" skipped="0">
  <testcase classname="AdminTest" name="adminManagePatient" time="10.752"/>
  <testcase classname="AdminTest" name="AddDoctor" time="28.450"/>
</testsuite> <!-- AdminTest -->
