<?xml version="1.0" encoding="UTF-8"?>
<!-- Generated by org.testng.reporters.JUnitReportReporter -->
<testsuite hostname="DESKTOP-Q7S0LT0" failures="0" tests="1" name="PatientTest" time="16.446" errors="0" timestamp="2024-07-23T16:26:04 IST" skipped="0">
  <testcase classname="PatientTest" name="AppointmentBook" time="16.446"/>
</testsuite> <!-- PatientTest -->
