<?xml version="1.0" encoding="UTF-8"?>
<!-- Generated by org.testng.reporters.JUnitReportReporter -->
<testsuite hostname="DESKTOP-Q7S0LT0" failures="0" tests="3" name="DoctorTest" time="90.679" errors="0" timestamp="2024-07-23T16:26:04 IST" skipped="0">
  <testcase classname="DoctorTest" name="doctorManagePatient" time="21.222"/>
  <testcase classname="DoctorTest" name="AddMalePatient" time="28.700"/>
  <testcase classname="DoctorTest" name="AddFemalePatient" time="40.757"/>
</testsuite> <!-- DoctorTest -->
