<?xml version="1.0" encoding="UTF-8"?>
<!-- Generated by org.testng.reporters.JUnitReportReporter -->
<testsuite hostname="DESKTOP-Q7S0LT0" failures="0" tests="2" name="AdminTest" time="45.022" errors="0" timestamp="2024-07-23T16:26:04 IST" skipped="0">
  <testcase classname="AdminTest" name="AddDoctor" time="12.036"/>
  <testcase classname="AdminTest" name="adminManagePatient" time="32.986"/>
</testsuite> <!-- AdminTest -->
